<?xml version="1.0" encoding="UTF-8"?>
<testsuite name="com.group.libraryapp.calculator.CalculatorTest" tests="1" skipped="0" failures="0" errors="0" timestamp="2025-03-06T07:04:32" hostname="sinhyeong-giui-MacBookPro.local" time="0.046">
  <properties/>
  <testcase name="divideExceptionTest()" classname="com.group.libraryapp.calculator.CalculatorTest" time="0.046"/>
  <system-out><![CDATA[]]></system-out>
  <system-err><![CDATA[]]></system-err>
</testsuite>
